<?xml version="1.0" encoding="UTF-8"?>
<testsuite name="TestSuite" time="24.722" tests="1" errors="0" skipped="0" failures="1">
  <properties>
[...]
</properties>
  <testcase name="runScenario" classname="runner.Runner" time="24.722">
    <failure message="expected [Customer Id: 4] but found [Customer Id: 444]" type="java.lang.AssertionError">java.lang.AssertionError: expected [Customer Id: 4] but found [Customer Id: 444]
	at org.testng.Assert.fail(Assert.java:110)
	at org.testng.Assert.failNotEquals(Assert.java:1413)
	at org.testng.Assert.assertEqualsImpl(Assert.java:149)
	at org.testng.Assert.assertEquals(Assert.java:131)
	at org.testng.Assert.assertEquals(Assert.java:655)
	at org.testng.Assert.assertEquals(Assert.java:665)
	at steps.LoginFeatureValidations.verify_that_i_am_in_customer_home_page(LoginFeatureValidations.java:75)
	at ✽.Verify that I am in CUSTOMER Home Page(file:///D:/Project/PlayWright-project/CucumberBDDPlaywright23%20-%20Copy/src/test/resources/features/LoginFeatureValidations.feature:11)
</failure>
    <system-out><![CDATA[Customer Id: 4
]]></system-out>
    <system-err><![CDATA[SLF4J: Failed to load class "org.slf4j.impl.StaticLoggerBinder".
SLF4J: Defaulting to no-operation (NOP) logger implementation
SLF4J: See http://www.slf4j.org/codes.html#StaticLoggerBinder for further details.
]]></system-err>
  </testcase>
</testsuite>